<?xml version="1.0" encoding="UTF-8"?>
<!-- Generated by org.testng.reporters.JUnitXMLReporter -->
<testsuite ignored="0" hostname="M5422903" failures="0" tests="3" name="Default test" time="8.224" errors="0" timestamp="2023-09-06T09:09:31 IST">
  <testcase classname="mediflox_Page_Tests.Login_Page_Test" name="sucess" time="1.002"/>
  <testcase classname="mediflox_Page_Tests.Login_Page_Test" name="wrongPassword" time="0.633"/>
  <testcase classname="mediflox_Page_Tests.Login_Page_Test" name="wrongUser" time="0.685"/>
</testsuite> <!-- Default test -->
