<?xml version="1.0" encoding="UTF-8"?>
<testng-results ignored="0" total="3" passed="3" failed="0" skipped="0">
  <reporter-output>
  </reporter-output>
  <suite started-at="2023-09-06T09:09:23 IST" name="Default suite" finished-at="2023-09-06T09:09:31 IST" duration-ms="8224">
    <groups>
    </groups>
    <test started-at="2023-09-06T09:09:23 IST" name="Default test" finished-at="2023-09-06T09:09:31 IST" duration-ms="8224">
      <class name="mediflox_Page_Tests.Login_Page_Test">
        <test-method is-config="true" signature="beforeSuiteStart()[pri:0, instance:mediflox_Page_Tests.Login_Page_Test@8519cb4]" started-at="2023-09-06T09:09:23 IST" name="beforeSuiteStart" finished-at="2023-09-06T09:09:23 IST" duration-ms="55" status="PASS">
          <reporter-output>
          </reporter-output>
        </test-method> <!-- beforeSuiteStart -->
        <test-method is-config="true" signature="beforeEachTestCase(java.lang.reflect.Method)[pri:0, instance:mediflox_Page_Tests.Login_Page_Test@8519cb4]" started-at="2023-09-06T09:09:23 IST" name="beforeEachTestCase" finished-at="2023-09-06T09:09:26 IST" duration-ms="2779" status="PASS">
          <params>
            <param index="0">
              <value>
                <![CDATA[public void mediflox_Page_Tests.Login_Page_Test.sucess(java.lang.reflect.Method) throws java.io.IOException]]>
              </value>
            </param>
          </params>
          <reporter-output>
          </reporter-output>
        </test-method> <!-- beforeEachTestCase -->
        <test-method signature="sucess(java.lang.reflect.Method)[pri:0, instance:mediflox_Page_Tests.Login_Page_Test@8519cb4]" started-at="2023-09-06T09:09:26 IST" name="sucess" finished-at="2023-09-06T09:09:27 IST" duration-ms="1002" status="PASS">
          <params>
            <param index="0">
              <value>
                <![CDATA[public void mediflox_Page_Tests.Login_Page_Test.sucess(java.lang.reflect.Method) throws java.io.IOException]]>
              </value>
            </param>
          </params>
          <reporter-output>
          </reporter-output>
        </test-method> <!-- sucess -->
        <test-method is-config="true" signature="afterEachTestCase()[pri:0, instance:mediflox_Page_Tests.Login_Page_Test@8519cb4]" started-at="2023-09-06T09:09:27 IST" name="afterEachTestCase" finished-at="2023-09-06T09:09:27 IST" duration-ms="9" status="PASS">
          <reporter-output>
          </reporter-output>
        </test-method> <!-- afterEachTestCase -->
        <test-method is-config="true" signature="beforeEachTestCase(java.lang.reflect.Method)[pri:0, instance:mediflox_Page_Tests.Login_Page_Test@8519cb4]" started-at="2023-09-06T09:09:27 IST" name="beforeEachTestCase" finished-at="2023-09-06T09:09:29 IST" duration-ms="1540" status="PASS">
          <params>
            <param index="0">
              <value>
                <![CDATA[public void mediflox_Page_Tests.Login_Page_Test.wrongPassword(java.lang.reflect.Method) throws java.io.IOException]]>
              </value>
            </param>
          </params>
          <reporter-output>
          </reporter-output>
        </test-method> <!-- beforeEachTestCase -->
        <test-method signature="wrongPassword(java.lang.reflect.Method)[pri:0, instance:mediflox_Page_Tests.Login_Page_Test@8519cb4]" started-at="2023-09-06T09:09:29 IST" name="wrongPassword" finished-at="2023-09-06T09:09:29 IST" duration-ms="633" status="PASS">
          <params>
            <param index="0">
              <value>
                <![CDATA[public void mediflox_Page_Tests.Login_Page_Test.wrongPassword(java.lang.reflect.Method) throws java.io.IOException]]>
              </value>
            </param>
          </params>
          <reporter-output>
          </reporter-output>
        </test-method> <!-- wrongPassword -->
        <test-method is-config="true" signature="afterEachTestCase()[pri:0, instance:mediflox_Page_Tests.Login_Page_Test@8519cb4]" started-at="2023-09-06T09:09:29 IST" name="afterEachTestCase" finished-at="2023-09-06T09:09:29 IST" duration-ms="3" status="PASS">
          <reporter-output>
          </reporter-output>
        </test-method> <!-- afterEachTestCase -->
        <test-method is-config="true" signature="beforeEachTestCase(java.lang.reflect.Method)[pri:0, instance:mediflox_Page_Tests.Login_Page_Test@8519cb4]" started-at="2023-09-06T09:09:29 IST" name="beforeEachTestCase" finished-at="2023-09-06T09:09:31 IST" duration-ms="1541" status="PASS">
          <params>
            <param index="0">
              <value>
                <![CDATA[public void mediflox_Page_Tests.Login_Page_Test.wrongUser(java.lang.reflect.Method) throws java.io.IOException]]>
              </value>
            </param>
          </params>
          <reporter-output>
          </reporter-output>
        </test-method> <!-- beforeEachTestCase -->
        <test-method signature="wrongUser(java.lang.reflect.Method)[pri:0, instance:mediflox_Page_Tests.Login_Page_Test@8519cb4]" started-at="2023-09-06T09:09:31 IST" name="wrongUser" finished-at="2023-09-06T09:09:31 IST" duration-ms="685" status="PASS">
          <params>
            <param index="0">
              <value>
                <![CDATA[public void mediflox_Page_Tests.Login_Page_Test.wrongUser(java.lang.reflect.Method) throws java.io.IOException]]>
              </value>
            </param>
          </params>
          <reporter-output>
          </reporter-output>
        </test-method> <!-- wrongUser -->
        <test-method is-config="true" signature="afterEachTestCase()[pri:0, instance:mediflox_Page_Tests.Login_Page_Test@8519cb4]" started-at="2023-09-06T09:09:31 IST" name="afterEachTestCase" finished-at="2023-09-06T09:09:31 IST" duration-ms="4" status="PASS">
          <reporter-output>
          </reporter-output>
        </test-method> <!-- afterEachTestCase -->
      </class> <!-- mediflox_Page_Tests.Login_Page_Test -->
    </test> <!-- Default test -->
  </suite> <!-- Default suite -->
</testng-results>
